# JRE version: OpenJDK Runtime Environment (17.0.11+9) (build 17.0.11+9-Ubuntu-123.10.1)
# Java VM: OpenJDK 64-Bit Server VM (17.0.11+9-Ubuntu-123.10.1, mixed mode, sharing, tiered, compressed oops, compressed class ptrs, g1 gc, linux-amd64)
GC Precious Log:
 CPUs: 8 total, 8 available
 Memory: 11697M
 Large Page Support: Disabled
 NUMA Support: Disabled
 Compressed Oops: Enabled (32-bit)
 Heap Region Size: 1M
 Heap Min Capacity: 256M
 Heap Initial Capacity: 256M
 Heap Max Capacity: 512M
 Pre-touch: Disabled
 Parallel Workers: 8
 Concurrent Workers: 2
 Concurrent Refinement Workers: 8
 Periodic GC: Disabled
Heap:
 garbage-first heap   total 262144K, used 139565K [0x00000000e0000000, 0x0000000100000000)
  region size 1024K, 7 young (7168K), 2 survivors (2048K)
 Metaspace       used 91689K, committed 92736K, reserved 458752K
  class space    used 12127K, committed 12672K, reserved 327680K
GC Heap History (20 events):
Event: 13.879 GC heap after
{Heap after GC invocations=13 (full 0):
 garbage-first heap   total 262144K, used 70310K [0x00000000e0000000, 0x0000000100000000)
  region size 1024K, 12 young (12288K), 12 survivors (12288K)
 Metaspace       used 69180K, committed 70016K, reserved 393216K
  class space    used 9502K, committed 9856K, reserved 327680K
}
Event: 15.467 GC heap before
{Heap before GC invocations=13 (full 0):
 garbage-first heap   total 262144K, used 202406K [0x00000000e0000000, 0x0000000100000000)
  region size 1024K, 142 young (145408K), 12 survivors (12288K)
 Metaspace       used 81797K, committed 82688K, reserved 458752K
  class space    used 11191K, committed 11584K, reserved 327680K
}
Event: 15.483 GC heap after
{Heap after GC invocations=14 (full 0):
 garbage-first heap   total 262144K, used 78317K [0x00000000e0000000, 0x0000000100000000)
  region size 1024K, 12 young (12288K), 12 survivors (12288K)
 Metaspace       used 81797K, committed 82688K, reserved 458752K
  class space    used 11191K, committed 11584K, reserved 327680K
}
Event: 16.592 GC heap before
{Heap before GC invocations=14 (full 0):
 garbage-first heap   total 262144K, used 202221K [0x00000000e0000000, 0x0000000100000000)
  region size 1024K, 134 young (137216K), 12 survivors (12288K)
 Metaspace       used 85296K, committed 86208K, reserved 458752K
  class space    used 11540K, committed 11968K, reserved 327680K
}
Event: 16.608 GC heap after
{Heap after GC invocations=15 (full 0):
 garbage-first heap   total 262144K, used 90443K [0x00000000e0000000, 0x0000000100000000)
  region size 1024K, 12 young (12288K), 12 survivors (12288K)
 Metaspace       used 85296K, committed 86208K, reserved 458752K
  class space    used 11540K, committed 11968K, reserved 327680K
}
Event: 17.070 GC heap before
{Heap before GC invocations=15 (full 0):
 garbage-first heap   total 262144K, used 204107K [0x00000000e0000000, 0x0000000100000000)
  region size 1024K, 123 young (125952K), 12 survivors (12288K)
 Metaspace       used 85709K, committed 86592K, reserved 458752K
  class space    used 11565K, committed 11968K, reserved 327680K
}
Event: 17.078 GC heap after
{Heap after GC invocations=16 (full 0):
 garbage-first heap   total 262144K, used 91566K [0x00000000e0000000, 0x0000000100000000)
  region size 1024K, 3 young (3072K), 3 survivors (3072K)
 Metaspace       used 85709K, committed 86592K, reserved 458752K
  class space    used 11565K, committed 11968K, reserved 327680K
}
Event: 18.024 GC heap before
{Heap before GC invocations=16 (full 0):
 garbage-first heap   total 262144K, used 208302K [0x00000000e0000000, 0x0000000100000000)
  region size 1024K, 117 young (119808K), 3 survivors (3072K)
 Metaspace       used 87888K, committed 88832K, reserved 458752K
  class space    used 11793K, committed 12224K, reserved 327680K
}
Event: 18.029 GC heap after
{Heap after GC invocations=17 (full 0):
 garbage-first heap   total 262144K, used 92229K [0x00000000e0000000, 0x0000000100000000)
  region size 1024K, 3 young (3072K), 3 survivors (3072K)
 Metaspace       used 87888K, committed 88832K, reserved 458752K
  class space    used 11793K, committed 12224K, reserved 327680K
}
Event: 19.399 GC heap before
{Heap before GC invocations=17 (full 0):
 garbage-first heap   total 262144K, used 212037K [0x00000000e0000000, 0x0000000100000000)
  region size 1024K, 120 young (122880K), 3 survivors (3072K)
 Metaspace       used 89676K, committed 90560K, reserved 458752K
  class space    used 11958K, committed 12352K, reserved 327680K
}
Event: 19.409 GC heap after
{Heap after GC invocations=18 (full 0):
 garbage-first heap   total 262144K, used 96342K [0x00000000e0000000, 0x0000000100000000)
  region size 1024K, 7 young (7168K), 7 survivors (7168K)
 Metaspace       used 89676K, committed 90560K, reserved 458752K
  class space    used 11958K, committed 12352K, reserved 327680K
}
Event: 20.002 GC heap before
{Heap before GC invocations=18 (full 0):
 garbage-first heap   total 262144K, used 212054K [0x00000000e0000000, 0x0000000100000000)
  region size 1024K, 121 young (123904K), 7 survivors (7168K)
 Metaspace       used 90690K, committed 91584K, reserved 458752K
  class space    used 12079K, committed 12480K, reserved 327680K
}
Event: 20.023 GC heap after
{Heap after GC invocations=19 (full 0):
 garbage-first heap   total 262144K, used 120024K [0x00000000e0000000, 0x0000000100000000)
  region size 1024K, 16 young (16384K), 16 survivors (16384K)
 Metaspace       used 90690K, committed 91584K, reserved 458752K
  class space    used 12079K, committed 12480K, reserved 327680K
}
Event: 20.489 GC heap before
{Heap before GC invocations=19 (full 0):
 garbage-first heap   total 262144K, used 206040K [0x00000000e0000000, 0x0000000100000000)
  region size 1024K, 100 young (102400K), 16 survivors (16384K)
 Metaspace       used 91935K, committed 92800K, reserved 458752K
  class space    used 12209K, committed 12608K, reserved 327680K
}
Event: 20.506 GC heap after
{Heap after GC invocations=20 (full 0):
 garbage-first heap   total 262144K, used 124898K [0x00000000e0000000, 0x0000000100000000)
  region size 1024K, 5 young (5120K), 5 survivors (5120K)
 Metaspace       used 91935K, committed 92800K, reserved 458752K
  class space    used 12209K, committed 12608K, reserved 327680K
}
Event: 21.106 GC heap before
{Heap before GC invocations=20 (full 0):
 garbage-first heap   total 262144K, used 209890K [0x00000000e0000000, 0x0000000100000000)
  region size 1024K, 88 young (90112K), 5 survivors (5120K)
 Metaspace       used 92323K, committed 93248K, reserved 458752K
  class space    used 12240K, committed 12672K, reserved 327680K
}
Event: 21.116 GC heap after
{Heap after GC invocations=21 (full 0):
 garbage-first heap   total 262144K, used 130723K [0x00000000e0000000, 0x0000000100000000)
  region size 1024K, 10 young (10240K), 10 survivors (10240K)
 Metaspace       used 92323K, committed 93248K, reserved 458752K
  class space    used 12240K, committed 12672K, reserved 327680K
}
Event: 969.405 GC heap before
{Heap before GC invocations=22 (full 0):
 garbage-first heap   total 262144K, used 209571K [0x00000000e0000000, 0x0000000100000000)
  region size 1024K, 88 young (90112K), 10 survivors (10240K)
 Metaspace       used 91642K, committed 92672K, reserved 458752K
  class space    used 12127K, committed 12672K, reserved 327680K
}
Event: 969.419 GC heap after
{Heap after GC invocations=23 (full 0):
 garbage-first heap   total 262144K, used 134445K [0x00000000e0000000, 0x0000000100000000)
  region size 1024K, 7 young (7168K), 7 survivors (7168K)
 Metaspace       used 91642K, committed 92672K, reserved 458752K
  class space    used 12127K, committed 12672K, reserved 327680K
}
Event: 969.473 GC heap before
{Heap before GC invocations=23 (full 0):
 garbage-first heap   total 262144K, used 138541K [0x00000000e0000000, 0x0000000100000000)
  region size 1024K, 12 young (12288K), 7 survivors (7168K)
 Metaspace       used 91689K, committed 92736K, reserved 458752K
  class space    used 12127K, committed 12672K, reserved 327680K
}

