# JRE version: OpenJDK Runtime Environment (17.0.11+9) (build 17.0.11+9-Ubuntu-123.10.1)
# Java VM: OpenJDK 64-Bit Server VM (17.0.11+9-Ubuntu-123.10.1, mixed mode, sharing, tiered, compressed oops, compressed class ptrs, g1 gc, linux-amd64)
GC Precious Log:
 CPUs: 8 total, 8 available
 Memory: 11697M
 Large Page Support: Disabled
 NUMA Support: Disabled
 Compressed Oops: Enabled (32-bit)
 Heap Region Size: 1M
 Heap Min Capacity: 256M
 Heap Initial Capacity: 256M
 Heap Max Capacity: 512M
 Pre-touch: Disabled
 Parallel Workers: 8
 Concurrent Workers: 2
 Concurrent Refinement Workers: 8
 Periodic GC: Disabled
Heap:
 garbage-first heap   total 262144K, used 60247K [0x00000000e0000000, 0x0000000100000000)
  region size 1024K, 22 young (22528K), 18 survivors (18432K)
 Metaspace       used 60721K, committed 61440K, reserved 393216K
  class space    used 8559K, committed 8896K, reserved 327680K
GC Heap History (18 events):
Event: 0.468 GC heap before
{Heap before GC invocations=0 (full 0):
 garbage-first heap   total 264192K, used 27568K [0x00000000e0000000, 0x0000000100000000)
  region size 1024K, 23 young (23552K), 0 survivors (0K)
 Metaspace       used 2777K, committed 2944K, reserved 393216K
  class space    used 339K, committed 384K, reserved 327680K
}
Event: 0.472 GC heap after
{Heap after GC invocations=1 (full 0):
 garbage-first heap   total 264192K, used 11894K [0x00000000e0000000, 0x0000000100000000)
  region size 1024K, 3 young (3072K), 3 survivors (3072K)
 Metaspace       used 2777K, committed 2944K, reserved 393216K
  class space    used 339K, committed 384K, reserved 327680K
}
Event: 0.781 GC heap before
{Heap before GC invocations=1 (full 0):
 garbage-first heap   total 264192K, used 48758K [0x00000000e0000000, 0x0000000100000000)
  region size 1024K, 37 young (37888K), 3 survivors (3072K)
 Metaspace       used 4304K, committed 4480K, reserved 393216K
  class space    used 537K, committed 640K, reserved 327680K
}
Event: 0.786 GC heap after
{Heap after GC invocations=2 (full 0):
 garbage-first heap   total 264192K, used 16773K [0x00000000e0000000, 0x0000000100000000)
  region size 1024K, 5 young (5120K), 5 survivors (5120K)
 Metaspace       used 4304K, committed 4480K, reserved 393216K
  class space    used 537K, committed 640K, reserved 327680K
}
Event: 2.962 GC heap before
{Heap before GC invocations=2 (full 0):
 garbage-first heap   total 264192K, used 121221K [0x00000000e0000000, 0x0000000100000000)
  region size 1024K, 108 young (110592K), 5 survivors (5120K)
 Metaspace       used 21187K, committed 21504K, reserved 393216K
  class space    used 3142K, committed 3328K, reserved 327680K
}
Event: 2.972 GC heap after
{Heap after GC invocations=3 (full 0):
 garbage-first heap   total 264192K, used 23431K [0x00000000e0000000, 0x0000000100000000)
  region size 1024K, 12 young (12288K), 12 survivors (12288K)
 Metaspace       used 21187K, committed 21504K, reserved 393216K
  class space    used 3142K, committed 3328K, reserved 327680K
}
Event: 4.353 GC heap before
{Heap before GC invocations=4 (full 0):
 garbage-first heap   total 262144K, used 144263K [0x00000000e0000000, 0x0000000100000000)
  region size 1024K, 127 young (130048K), 12 survivors (12288K)
 Metaspace       used 35758K, committed 36096K, reserved 393216K
  class space    used 5031K, committed 5184K, reserved 327680K
}
Event: 4.366 GC heap after
{Heap after GC invocations=5 (full 0):
 garbage-first heap   total 262144K, used 32749K [0x00000000e0000000, 0x0000000100000000)
  region size 1024K, 19 young (19456K), 19 survivors (19456K)
 Metaspace       used 35758K, committed 36096K, reserved 393216K
  class space    used 5031K, committed 5184K, reserved 327680K
}
Event: 4.381 GC heap before
{Heap before GC invocations=5 (full 0):
 garbage-first heap   total 262144K, used 33773K [0x00000000e0000000, 0x0000000100000000)
  region size 1024K, 20 young (20480K), 19 survivors (19456K)
 Metaspace       used 35852K, committed 36224K, reserved 393216K
  class space    used 5047K, committed 5184K, reserved 327680K
}
Event: 4.406 GC heap after
{Heap after GC invocations=6 (full 0):
 garbage-first heap   total 262144K, used 32877K [0x00000000e0000000, 0x0000000100000000)
  region size 1024K, 2 young (2048K), 2 survivors (2048K)
 Metaspace       used 35852K, committed 36224K, reserved 393216K
  class space    used 5047K, committed 5184K, reserved 327680K
}
Event: 4.433 GC heap before
{Heap before GC invocations=6 (full 0):
 garbage-first heap   total 262144K, used 34925K [0x00000000e0000000, 0x0000000100000000)
  region size 1024K, 5 young (5120K), 2 survivors (2048K)
 Metaspace       used 36016K, committed 36416K, reserved 393216K
  class space    used 5074K, committed 5248K, reserved 327680K
}
Event: 4.435 GC heap after
{Heap after GC invocations=7 (full 0):
 garbage-first heap   total 262144K, used 31330K [0x00000000e0000000, 0x0000000100000000)
  region size 1024K, 1 young (1024K), 1 survivors (1024K)
 Metaspace       used 36016K, committed 36416K, reserved 393216K
  class space    used 5074K, committed 5248K, reserved 327680K
}
Event: 7.852 GC heap before
{Heap before GC invocations=8 (full 0):
 garbage-first heap   total 262144K, used 189026K [0x00000000e0000000, 0x0000000100000000)
  region size 1024K, 153 young (156672K), 1 survivors (1024K)
 Metaspace       used 49186K, committed 49664K, reserved 393216K
  class space    used 7081K, committed 7296K, reserved 327680K
}
Event: 7.870 GC heap after
{Heap after GC invocations=9 (full 0):
 garbage-first heap   total 262144K, used 41561K [0x00000000e0000000, 0x0000000100000000)
  region size 1024K, 11 young (11264K), 11 survivors (11264K)
 Metaspace       used 49186K, committed 49664K, reserved 393216K
  class space    used 7081K, committed 7296K, reserved 327680K
}
Event: 9.315 GC heap before
{Heap before GC invocations=9 (full 0):
 garbage-first heap   total 262144K, used 185945K [0x00000000e0000000, 0x0000000100000000)
  region size 1024K, 153 young (156672K), 11 survivors (11264K)
 Metaspace       used 55842K, committed 56576K, reserved 393216K
  class space    used 7895K, committed 8256K, reserved 327680K
}
Event: 9.330 GC heap after
{Heap after GC invocations=10 (full 0):
 garbage-first heap   total 262144K, used 48502K [0x00000000e0000000, 0x0000000100000000)
  region size 1024K, 10 young (10240K), 10 survivors (10240K)
 Metaspace       used 55842K, committed 56576K, reserved 393216K
  class space    used 7895K, committed 8256K, reserved 327680K
}
Event: 10.256 GC heap before
{Heap before GC invocations=10 (full 0):
 garbage-first heap   total 262144K, used 134518K [0x00000000e0000000, 0x0000000100000000)
  region size 1024K, 95 young (97280K), 10 survivors (10240K)
 Metaspace       used 60370K, committed 61120K, reserved 393216K
  class space    used 8537K, committed 8896K, reserved 327680K
}
Event: 10.269 GC heap after
{Heap after GC invocations=11 (full 0):
 garbage-first heap   total 262144K, used 57175K [0x00000000e0000000, 0x0000000100000000)
  region size 1024K, 18 young (18432K), 18 survivors (18432K)
 Metaspace       used 60370K, committed 61120K, reserved 393216K
  class space    used 8537K, committed 8896K, reserved 327680K
}

