# JRE version: OpenJDK Runtime Environment (17.0.11+9) (build 17.0.11+9-Ubuntu-123.10.1)
# Java VM: OpenJDK 64-Bit Server VM (17.0.11+9-Ubuntu-123.10.1, mixed mode, sharing, tiered, compressed oops, compressed class ptrs, g1 gc, linux-amd64)
GC Precious Log:
 CPUs: 8 total, 8 available
 Memory: 11697M
 Large Page Support: Disabled
 NUMA Support: Disabled
 Compressed Oops: Enabled (32-bit)
 Heap Region Size: 1M
 Heap Min Capacity: 256M
 Heap Initial Capacity: 256M
 Heap Max Capacity: 512M
 Pre-touch: Disabled
 Parallel Workers: 8
 Concurrent Workers: 2
 Concurrent Refinement Workers: 8
 Periodic GC: Disabled
Heap:
 garbage-first heap   total 262144K, used 135737K [0x00000000e0000000, 0x0000000100000000)
  region size 1024K, 9 young (9216K), 1 survivors (1024K)
 Metaspace       used 96562K, committed 97536K, reserved 458752K
  class space    used 12668K, committed 13120K, reserved 327680K
GC Heap History (20 events):
Event: 636.305 GC heap after
{Heap after GC invocations=16 (full 0):
 garbage-first heap   total 262144K, used 91849K [0x00000000e0000000, 0x0000000100000000)
  region size 1024K, 14 young (14336K), 14 survivors (14336K)
 Metaspace       used 75233K, committed 76096K, reserved 458752K
  class space    used 10251K, committed 10624K, reserved 327680K
}
Event: 638.339 GC heap before
{Heap before GC invocations=16 (full 0):
 garbage-first heap   total 262144K, used 210633K [0x00000000e0000000, 0x0000000100000000)
  region size 1024K, 131 young (134144K), 14 survivors (14336K)
 Metaspace       used 79749K, committed 80704K, reserved 458752K
  class space    used 10737K, committed 11136K, reserved 327680K
}
Event: 638.368 GC heap after
{Heap after GC invocations=17 (full 0):
 garbage-first heap   total 262144K, used 100186K [0x00000000e0000000, 0x0000000100000000)
  region size 1024K, 16 young (16384K), 16 survivors (16384K)
 Metaspace       used 79749K, committed 80704K, reserved 458752K
  class space    used 10737K, committed 11136K, reserved 327680K
}
Event: 639.235 GC heap before
{Heap before GC invocations=17 (full 0):
 garbage-first heap   total 262144K, used 209754K [0x00000000e0000000, 0x0000000100000000)
  region size 1024K, 124 young (126976K), 16 survivors (16384K)
 Metaspace       used 80752K, committed 81664K, reserved 458752K
  class space    used 10837K, committed 11264K, reserved 327680K
}
Event: 639.252 GC heap after
{Heap after GC invocations=18 (full 0):
 garbage-first heap   total 262144K, used 106121K [0x00000000e0000000, 0x0000000100000000)
  region size 1024K, 7 young (7168K), 7 survivors (7168K)
 Metaspace       used 80752K, committed 81664K, reserved 458752K
  class space    used 10837K, committed 11264K, reserved 327680K
}
Event: 639.710 GC heap before
{Heap before GC invocations=18 (full 0):
 garbage-first heap   total 262144K, used 211593K [0x00000000e0000000, 0x0000000100000000)
  region size 1024K, 110 young (112640K), 7 survivors (7168K)
 Metaspace       used 81082K, committed 82048K, reserved 458752K
  class space    used 10843K, committed 11264K, reserved 327680K
}
Event: 639.720 GC heap after
{Heap after GC invocations=19 (full 0):
 garbage-first heap   total 262144K, used 112507K [0x00000000e0000000, 0x0000000100000000)
  region size 1024K, 13 young (13312K), 13 survivors (13312K)
 Metaspace       used 81082K, committed 82048K, reserved 458752K
  class space    used 10843K, committed 11264K, reserved 327680K
}
Event: 640.105 GC heap before
{Heap before GC invocations=19 (full 0):
 garbage-first heap   total 262144K, used 211835K [0x00000000e0000000, 0x0000000100000000)
  region size 1024K, 110 young (112640K), 13 survivors (13312K)
 Metaspace       used 81274K, committed 82176K, reserved 458752K
  class space    used 10845K, committed 11264K, reserved 327680K
}
Event: 640.114 GC heap after
{Heap after GC invocations=20 (full 0):
 garbage-first heap   total 262144K, used 112326K [0x00000000e0000000, 0x0000000100000000)
  region size 1024K, 6 young (6144K), 6 survivors (6144K)
 Metaspace       used 81274K, committed 82176K, reserved 458752K
  class space    used 10845K, committed 11264K, reserved 327680K
}
Event: 641.046 GC heap before
{Heap before GC invocations=20 (full 0):
 garbage-first heap   total 262144K, used 211654K [0x00000000e0000000, 0x0000000100000000)
  region size 1024K, 104 young (106496K), 6 survivors (6144K)
 Metaspace       used 85748K, committed 86784K, reserved 458752K
  class space    used 11524K, committed 12032K, reserved 327680K
}
Event: 641.054 GC heap after
{Heap after GC invocations=21 (full 0):
 garbage-first heap   total 262144K, used 115935K [0x00000000e0000000, 0x0000000100000000)
  region size 1024K, 9 young (9216K), 9 survivors (9216K)
 Metaspace       used 85748K, committed 86784K, reserved 458752K
  class space    used 11524K, committed 12032K, reserved 327680K
}
Event: 642.048 GC heap before
{Heap before GC invocations=21 (full 0):
 garbage-first heap   total 262144K, used 211167K [0x00000000e0000000, 0x0000000100000000)
  region size 1024K, 103 young (105472K), 9 survivors (9216K)
 Metaspace       used 94119K, committed 95232K, reserved 458752K
  class space    used 12491K, committed 12992K, reserved 327680K
}
Event: 642.061 GC heap after
{Heap after GC invocations=22 (full 0):
 garbage-first heap   total 262144K, used 124828K [0x00000000e0000000, 0x0000000100000000)
  region size 1024K, 11 young (11264K), 11 survivors (11264K)
 Metaspace       used 94119K, committed 95232K, reserved 458752K
  class space    used 12491K, committed 12992K, reserved 327680K
}
Event: 642.403 GC heap before
{Heap before GC invocations=22 (full 0):
 garbage-first heap   total 262144K, used 209820K [0x00000000e0000000, 0x0000000100000000)
  region size 1024K, 94 young (96256K), 11 survivors (11264K)
 Metaspace       used 94649K, committed 95680K, reserved 458752K
  class space    used 12553K, committed 13056K, reserved 327680K
}
Event: 642.410 GC heap after
{Heap after GC invocations=23 (full 0):
 garbage-first heap   total 262144K, used 126311K [0x00000000e0000000, 0x0000000100000000)
  region size 1024K, 2 young (2048K), 2 survivors (2048K)
 Metaspace       used 94649K, committed 95680K, reserved 458752K
  class space    used 12553K, committed 13056K, reserved 327680K
}
Event: 642.828 GC heap before
{Heap before GC invocations=23 (full 0):
 garbage-first heap   total 262144K, used 214375K [0x00000000e0000000, 0x0000000100000000)
  region size 1024K, 88 young (90112K), 2 survivors (2048K)
 Metaspace       used 94809K, committed 95872K, reserved 458752K
  class space    used 12553K, committed 13056K, reserved 327680K
}
Event: 642.830 GC heap after
{Heap after GC invocations=24 (full 0):
 garbage-first heap   total 262144K, used 125264K [0x00000000e0000000, 0x0000000100000000)
  region size 1024K, 1 young (1024K), 1 survivors (1024K)
 Metaspace       used 94809K, committed 95872K, reserved 458752K
  class space    used 12553K, committed 13056K, reserved 327680K
}
Event: 643.938 GC heap before
{Heap before GC invocations=25 (full 0):
 garbage-first heap   total 262144K, used 217424K [0x00000000e0000000, 0x0000000100000000)
  region size 1024K, 91 young (93184K), 1 survivors (1024K)
 Metaspace       used 96516K, committed 97472K, reserved 458752K
  class space    used 12668K, committed 13120K, reserved 327680K
}
Event: 643.944 GC heap after
{Heap after GC invocations=26 (full 0):
 garbage-first heap   total 262144K, used 127545K [0x00000000e0000000, 0x0000000100000000)
  region size 1024K, 4 young (4096K), 4 survivors (4096K)
 Metaspace       used 96516K, committed 97472K, reserved 458752K
  class space    used 12668K, committed 13120K, reserved 327680K
}
Event: 644.016 GC heap before
{Heap before GC invocations=26 (full 0):
 garbage-first heap   total 262144K, used 135737K [0x00000000e0000000, 0x0000000100000000)
  region size 1024K, 12 young (12288K), 4 survivors (4096K)
 Metaspace       used 96562K, committed 97536K, reserved 458752K
  class space    used 12668K, committed 13120K, reserved 327680K
}

