# JRE version: OpenJDK Runtime Environment (17.0.11+9) (build 17.0.11+9-Ubuntu-123.10.1)
# Java VM: OpenJDK 64-Bit Server VM (17.0.11+9-Ubuntu-123.10.1, mixed mode, sharing, tiered, compressed oops, compressed class ptrs, g1 gc, linux-amd64)
GC Precious Log:
 CPUs: 8 total, 8 available
 Memory: 11697M
 Large Page Support: Disabled
 NUMA Support: Disabled
 Compressed Oops: Enabled (32-bit)
 Heap Region Size: 1M
 Heap Min Capacity: 256M
 Heap Initial Capacity: 256M
 Heap Max Capacity: 512M
 Pre-touch: Disabled
 Parallel Workers: 8
 Concurrent Workers: 2
 Concurrent Refinement Workers: 8
 Periodic GC: Disabled
Heap:
 garbage-first heap   total 262144K, used 84860K [0x00000000e0000000, 0x0000000100000000)
  region size 1024K, 13 young (13312K), 4 survivors (4096K)
 Metaspace       used 79990K, committed 80896K, reserved 458752K
  class space    used 10872K, committed 11264K, reserved 327680K
GC Heap History (20 events):
Event: 0.518 GC heap before
{Heap before GC invocations=0 (full 0):
 garbage-first heap   total 264192K, used 27568K [0x00000000e0000000, 0x0000000100000000)
  region size 1024K, 23 young (23552K), 0 survivors (0K)
 Metaspace       used 2764K, committed 2944K, reserved 393216K
  class space    used 339K, committed 384K, reserved 327680K
}
Event: 0.521 GC heap after
{Heap after GC invocations=1 (full 0):
 garbage-first heap   total 264192K, used 11237K [0x00000000e0000000, 0x0000000100000000)
  region size 1024K, 3 young (3072K), 3 survivors (3072K)
 Metaspace       used 2764K, committed 2944K, reserved 393216K
  class space    used 339K, committed 384K, reserved 327680K
}
Event: 0.878 GC heap before
{Heap before GC invocations=1 (full 0):
 garbage-first heap   total 264192K, used 47077K [0x00000000e0000000, 0x0000000100000000)
  region size 1024K, 36 young (36864K), 3 survivors (3072K)
 Metaspace       used 4230K, committed 4480K, reserved 393216K
  class space    used 520K, committed 640K, reserved 327680K
}
Event: 0.884 GC heap after
{Heap after GC invocations=2 (full 0):
 garbage-first heap   total 264192K, used 17059K [0x00000000e0000000, 0x0000000100000000)
  region size 1024K, 5 young (5120K), 5 survivors (5120K)
 Metaspace       used 4230K, committed 4480K, reserved 393216K
  class space    used 520K, committed 640K, reserved 327680K
}
Event: 3.732 GC heap before
{Heap before GC invocations=2 (full 0):
 garbage-first heap   total 264192K, used 123555K [0x00000000e0000000, 0x0000000100000000)
  region size 1024K, 110 young (112640K), 5 survivors (5120K)
 Metaspace       used 21190K, committed 21504K, reserved 393216K
  class space    used 3136K, committed 3264K, reserved 327680K
}
Event: 3.747 GC heap after
{Heap after GC invocations=3 (full 0):
 garbage-first heap   total 264192K, used 23356K [0x00000000e0000000, 0x0000000100000000)
  region size 1024K, 11 young (11264K), 11 survivors (11264K)
 Metaspace       used 21190K, committed 21504K, reserved 393216K
  class space    used 3136K, committed 3264K, reserved 327680K
}
Event: 44.642 GC heap before
{Heap before GC invocations=4 (full 0):
 garbage-first heap   total 262144K, used 151356K [0x00000000e0000000, 0x0000000100000000)
  region size 1024K, 133 young (136192K), 11 survivors (11264K)
 Metaspace       used 35596K, committed 36096K, reserved 393216K
  class space    used 4987K, committed 5248K, reserved 327680K
}
Event: 44.672 GC heap after
{Heap after GC invocations=5 (full 0):
 garbage-first heap   total 262144K, used 33666K [0x00000000e0000000, 0x0000000100000000)
  region size 1024K, 17 young (17408K), 17 survivors (17408K)
 Metaspace       used 35596K, committed 36096K, reserved 393216K
  class space    used 4987K, committed 5248K, reserved 327680K
}
Event: 47.084 GC heap before
{Heap before GC invocations=6 (full 0):
 garbage-first heap   total 262144K, used 174978K [0x00000000e0000000, 0x0000000100000000)
  region size 1024K, 153 young (156672K), 17 survivors (17408K)
 Metaspace       used 50895K, committed 51392K, reserved 393216K
  class space    used 7265K, committed 7488K, reserved 327680K
}
Event: 47.118 GC heap after
{Heap after GC invocations=7 (full 0):
 garbage-first heap   total 262144K, used 40260K [0x00000000e0000000, 0x0000000100000000)
  region size 1024K, 17 young (17408K), 17 survivors (17408K)
 Metaspace       used 50895K, committed 51392K, reserved 393216K
  class space    used 7265K, committed 7488K, reserved 327680K
}
Event: 48.493 GC heap before
{Heap before GC invocations=7 (full 0):
 garbage-first heap   total 262144K, used 178500K [0x00000000e0000000, 0x0000000100000000)
  region size 1024K, 153 young (156672K), 17 survivors (17408K)
 Metaspace       used 55228K, committed 55872K, reserved 393216K
  class space    used 7826K, committed 8128K, reserved 327680K
}
Event: 48.512 GC heap after
{Heap after GC invocations=8 (full 0):
 garbage-first heap   total 262144K, used 47924K [0x00000000e0000000, 0x0000000100000000)
  region size 1024K, 17 young (17408K), 17 survivors (17408K)
 Metaspace       used 55228K, committed 55872K, reserved 393216K
  class space    used 7826K, committed 8128K, reserved 327680K
}
Event: 49.605 GC heap before
{Heap before GC invocations=8 (full 0):
 garbage-first heap   total 262144K, used 152372K [0x00000000e0000000, 0x0000000100000000)
  region size 1024K, 120 young (122880K), 17 survivors (17408K)
 Metaspace       used 59528K, committed 60288K, reserved 393216K
  class space    used 8443K, committed 8832K, reserved 327680K
}
Event: 49.632 GC heap after
{Heap after GC invocations=9 (full 0):
 garbage-first heap   total 262144K, used 56529K [0x00000000e0000000, 0x0000000100000000)
  region size 1024K, 19 young (19456K), 19 survivors (19456K)
 Metaspace       used 59528K, committed 60288K, reserved 393216K
  class space    used 8443K, committed 8832K, reserved 327680K
}
Event: 51.773 GC heap before
{Heap before GC invocations=10 (full 0):
 garbage-first heap   total 262144K, used 193745K [0x00000000e0000000, 0x0000000100000000)
  region size 1024K, 153 young (156672K), 19 survivors (19456K)
 Metaspace       used 62904K, committed 63680K, reserved 393216K
  class space    used 8740K, committed 9088K, reserved 327680K
}
Event: 51.792 GC heap after
{Heap after GC invocations=11 (full 0):
 garbage-first heap   total 262144K, used 65689K [0x00000000e0000000, 0x0000000100000000)
  region size 1024K, 13 young (13312K), 13 survivors (13312K)
 Metaspace       used 62904K, committed 63680K, reserved 393216K
  class space    used 8740K, committed 9088K, reserved 327680K
}
Event: 54.058 GC heap before
{Heap before GC invocations=11 (full 0):
 garbage-first heap   total 262144K, used 195737K [0x00000000e0000000, 0x0000000100000000)
  region size 1024K, 141 young (144384K), 13 survivors (13312K)
 Metaspace       used 75739K, committed 76672K, reserved 458752K
  class space    used 10447K, committed 10880K, reserved 327680K
}
Event: 54.080 GC heap after
{Heap after GC invocations=12 (full 0):
 garbage-first heap   total 262144K, used 73405K [0x00000000e0000000, 0x0000000100000000)
  region size 1024K, 13 young (13312K), 13 survivors (13312K)
 Metaspace       used 75739K, committed 76672K, reserved 458752K
  class space    used 10447K, committed 10880K, reserved 327680K
}
Event: 55.287 GC heap before
{Heap before GC invocations=12 (full 0):
 garbage-first heap   total 262144K, used 197309K [0x00000000e0000000, 0x0000000100000000)
  region size 1024K, 135 young (138240K), 13 survivors (13312K)
 Metaspace       used 78180K, committed 79040K, reserved 458752K
  class space    used 10686K, committed 11072K, reserved 327680K
}
Event: 55.304 GC heap after
{Heap after GC invocations=13 (full 0):
 garbage-first heap   total 262144K, used 76319K [0x00000000e0000000, 0x0000000100000000)
  region size 1024K, 4 young (4096K), 4 survivors (4096K)
 Metaspace       used 78180K, committed 79040K, reserved 458752K
  class space    used 10686K, committed 11072K, reserved 327680K
}

